You have not been allocated GPUs. To request GPUs, use the -G option in your submission script.
[wheeler302:22692] *** An error occurred in MPI_Isend
[wheeler302:22692] *** reported by process [855769088,7]
[wheeler302:22692] *** on communicator MPI COMMUNICATOR 3 SPLIT_TYPE FROM 0
[wheeler302:22692] *** MPI_ERR_RANK: invalid rank
[wheeler302:22692] *** MPI_ERRORS_ARE_FATAL (processes in this communicator will now abort,
[wheeler302:22692] ***    and potentially your MPI job)
[wheeler304:06611] *** An error occurred in MPI_Isend
[wheeler304:06611] *** reported by process [855769088,15]
[wheeler304:06611] *** on communicator MPI COMMUNICATOR 3 SPLIT_TYPE FROM 0
[wheeler304:06611] *** MPI_ERR_RANK: invalid rank
[wheeler304:06611] *** MPI_ERRORS_ARE_FATAL (processes in this communicator will now abort,
[wheeler304:06611] ***    and potentially your MPI job)
[wheeler303:16999] *** An error occurred in MPI_Irecv
[wheeler303:16999] *** reported by process [855769088,9]
[wheeler303:16999] *** on communicator MPI COMMUNICATOR 3 SPLIT_TYPE FROM 0
[wheeler303:16999] *** MPI_ERR_RANK: invalid rank
[wheeler303:16999] *** MPI_ERRORS_ARE_FATAL (processes in this communicator will now abort,
[wheeler303:16999] ***    and potentially your MPI job)
[wheeler301:04522] *** An error occurred in MPI_Isend
[wheeler301:04522] *** reported by process [855769088,3]
[wheeler301:04522] *** on communicator MPI COMMUNICATOR 3 SPLIT_TYPE FROM 0
[wheeler301:04522] *** MPI_ERR_RANK: invalid rank
[wheeler301:04522] *** MPI_ERRORS_ARE_FATAL (processes in this communicator will now abort,
[wheeler301:04522] ***    and potentially your MPI job)
[wheeler301:04521] *** An error occurred in MPI_Irecv
[wheeler301:04521] *** reported by process [855769088,2]
[wheeler301:04521] *** on communicator MPI COMMUNICATOR 3 SPLIT_TYPE FROM 0
[wheeler301:04521] *** MPI_ERR_RANK: invalid rank
[wheeler301:04521] *** MPI_ERRORS_ARE_FATAL (processes in this communicator will now abort,
[wheeler301:04521] ***    and potentially your MPI job)
[wheeler301:04520] *** An error occurred in MPI_Irecv
[wheeler301:04520] *** reported by process [855769088,1]
[wheeler301:04520] *** on communicator MPI COMMUNICATOR 3 SPLIT_TYPE FROM 0
[wheeler301:04520] *** MPI_ERR_RANK: invalid rank
[wheeler301:04520] *** MPI_ERRORS_ARE_FATAL (processes in this communicator will now abort,
[wheeler301:04520] ***    and potentially your MPI job)
slurmstepd: error: *** STEP 340738.0 ON wheeler301 CANCELLED AT 2022-11-11T20:23:54 ***
srun: Job step aborted: Waiting up to 32 seconds for job step to finish.
[wheeler302:22690] *** An error occurred in MPI_Irecv
[wheeler302:22690] *** reported by process [855769088,5]
[wheeler302:22690] *** on communicator MPI COMMUNICATOR 3 SPLIT_TYPE FROM 0
[wheeler302:22690] *** MPI_ERR_RANK: invalid rank
[wheeler302:22690] *** MPI_ERRORS_ARE_FATAL (processes in this communicator will now abort,
[wheeler302:22690] ***    and potentially your MPI job)
[wheeler302:22691] *** An error occurred in MPI_Irecv
[wheeler302:22691] *** reported by process [855769088,6]
[wheeler302:22691] *** on communicator MPI COMMUNICATOR 3 SPLIT_TYPE FROM 0
[wheeler302:22691] *** MPI_ERR_RANK: invalid rank
[wheeler302:22691] *** MPI_ERRORS_ARE_FATAL (processes in this communicator will now abort,
[wheeler302:22691] ***    and potentially your MPI job)
[wheeler304:06609] *** An error occurred in MPI_Irecv
[wheeler304:06609] *** reported by process [855769088,13]
[wheeler304:06609] *** on communicator MPI COMMUNICATOR 3 SPLIT_TYPE FROM 0
[wheeler304:06609] *** MPI_ERR_RANK: invalid rank
[wheeler304:06609] *** MPI_ERRORS_ARE_FATAL (processes in this communicator will now abort,
[wheeler304:06609] ***    and potentially your MPI job)
[wheeler303:17001] *** An error occurred in MPI_Isend
[wheeler303:17001] *** reported by process [855769088,11]
[wheeler303:17001] *** on communicator MPI COMMUNICATOR 3 SPLIT_TYPE FROM 0
[wheeler303:17001] *** MPI_ERR_RANK: invalid rank
[wheeler303:17001] *** MPI_ERRORS_ARE_FATAL (processes in this communicator will now abort,
[wheeler303:17001] ***    and potentially your MPI job)
[wheeler304:06610] *** An error occurred in MPI_Irecv
[wheeler304:06610] *** reported by process [855769088,14]
[wheeler304:06610] *** on communicator MPI COMMUNICATOR 3 SPLIT_TYPE FROM 0
[wheeler304:06610] *** MPI_ERR_RANK: invalid rank
[wheeler304:06610] *** MPI_ERRORS_ARE_FATAL (processes in this communicator will now abort,
[wheeler304:06610] ***    and potentially your MPI job)
[wheeler303:17000] *** An error occurred in MPI_Irecv
[wheeler303:17000] *** reported by process [855769088,10]
[wheeler303:17000] *** on communicator MPI COMMUNICATOR 3 SPLIT_TYPE FROM 0
[wheeler303:17000] *** MPI_ERR_RANK: invalid rank
[wheeler303:17000] *** MPI_ERRORS_ARE_FATAL (processes in this communicator will now abort,
[wheeler303:17000] ***    and potentially your MPI job)
srun: error: wheeler302: task 4: Killed
srun: error: wheeler304: task 12: Killed
srun: error: wheeler301: task 0: Killed
srun: error: wheeler302: tasks 5-7: Exited with exit code 6
srun: error: wheeler303: task 8: Killed
srun: error: wheeler304: tasks 13-15: Exited with exit code 6
srun: error: wheeler301: tasks 1-3: Exited with exit code 6
srun: error: wheeler303: tasks 9-11: Exited with exit code 6
