You have not been allocated GPUs. To request GPUs, use the -G option in your submission script.
[wheeler302:22829] *** An error occurred in MPI_Irecv
[wheeler302:22829] *** reported by process [855834624,5]
[wheeler302:22829] *** on communicator MPI COMMUNICATOR 3 SPLIT_TYPE FROM 0
[wheeler302:22829] *** MPI_ERR_RANK: invalid rank
[wheeler302:22829] *** MPI_ERRORS_ARE_FATAL (processes in this communicator will now abort,
[wheeler302:22829] ***    and potentially your MPI job)
[wheeler301:04697] *** An error occurred in MPI_Irecv
[wheeler301:04697] *** reported by process [855834624,1]
[wheeler301:04697] *** on communicator MPI COMMUNICATOR 3 SPLIT_TYPE FROM 0
[wheeler301:04697] *** MPI_ERR_RANK: invalid rank
[wheeler301:04697] *** MPI_ERRORS_ARE_FATAL (processes in this communicator will now abort,
[wheeler301:04697] ***    and potentially your MPI job)
[wheeler303:17136] *** An error occurred in MPI_Irecv
[wheeler303:17136] *** reported by process [855834624,9]
[wheeler303:17136] *** on communicator MPI COMMUNICATOR 3 SPLIT_TYPE FROM 0
[wheeler303:17136] *** MPI_ERR_RANK: invalid rank
[wheeler303:17136] *** MPI_ERRORS_ARE_FATAL (processes in this communicator will now abort,
[wheeler303:17136] ***    and potentially your MPI job)
[wheeler304:06746] *** An error occurred in MPI_Irecv
[wheeler304:06746] *** reported by process [855834624,13]
[wheeler304:06746] *** on communicator MPI COMMUNICATOR 3 SPLIT_TYPE FROM 0
[wheeler304:06746] *** MPI_ERR_RANK: invalid rank
[wheeler304:06746] *** MPI_ERRORS_ARE_FATAL (processes in this communicator will now abort,
[wheeler304:06746] ***    and potentially your MPI job)
slurmstepd: error: *** STEP 340739.0 ON wheeler301 CANCELLED AT 2022-11-11T20:28:08 ***
srun: Job step aborted: Waiting up to 32 seconds for job step to finish.
srun: error: wheeler304: tasks 12,14: Killed
srun: error: wheeler304: task 13: Exited with exit code 6
srun: error: wheeler301: tasks 0,2-3: Killed
srun: error: wheeler303: tasks 8,10-11: Killed
srun: error: wheeler302: tasks 4,6-7: Killed
srun: error: wheeler301: task 1: Exited with exit code 6
srun: error: wheeler304: task 15: Killed
srun: error: wheeler303: task 9: Exited with exit code 6
srun: error: wheeler302: task 5: Exited with exit code 6
